<?xml version="1.0" encoding="UTF-8"?>
<testsuite name="ErrorTest" tests="4" skipped="0" failures="0" errors="0" timestamp="2016-05-16T17:55:03" hostname="epicodus-42.local" time="0.158">
  <properties/>
  <testcase name="find_findErrorInDatabase_true" classname="ErrorTest" time="0.125"/>
  <testcase name="methods_getsAllInfo_true" classname="ErrorTest" time="0.006"/>
  <testcase name="save_savesIntoDatabaseAndCreatesId_true" classname="ErrorTest" time="0.022"/>
  <testcase name="Error_instantiatesCorrectly_true" classname="ErrorTest" time="0.005"/>
  <system-out><![CDATA[]]></system-out>
  <system-err><![CDATA[]]></system-err>
</testsuite>
