<?xml version="1.0" encoding="UTF-8"?>
<testsuite name="ErrorTest" tests="4" skipped="0" failures="0" errors="0" timestamp="2016-05-16T20:22:00" hostname="epicodus-41.local" time="0.163">
  <properties/>
  <testcase name="find_findErrorInDatabase_true" classname="ErrorTest" time="0.128"/>
  <testcase name="methods_getsAllInfo_true" classname="ErrorTest" time="0.005"/>
  <testcase name="save_savesIntoDatabaseAndCreatesId_true" classname="ErrorTest" time="0.022"/>
  <testcase name="Error_instantiatesCorrectly_true" classname="ErrorTest" time="0.006"/>
  <system-out><![CDATA[]]></system-out>
  <system-err><![CDATA[]]></system-err>
</testsuite>
