<?xml version="1.0" encoding="UTF-8"?>
<testsuite name="SolutionTest" tests="11" skipped="0" failures="0" errors="0" timestamp="2016-05-19T23:24:36" hostname="epicodus-117.local" time="0.151">
  <properties/>
  <testcase name="save_solutionSaves" classname="SolutionTest" time="0.012"/>
  <testcase name="equals_returnsTrueIfNamesAretheSame" classname="SolutionTest" time="0.005"/>
  <testcase name="getsolution_solutionInstantiates_String" classname="SolutionTest" time="0.004"/>
  <testcase name="update_updatesInfo_true" classname="SolutionTest" time="0.024"/>
  <testcase name="all_emptyAtFirst" classname="SolutionTest" time="0.008"/>
  <testcase name="addGenre_addsGenreToAlbum_true" classname="SolutionTest" time="0.023"/>
  <testcase name="solution_instantiates_true" classname="SolutionTest" time="0.005"/>
  <testcase name="save_assignsIdToObject" classname="SolutionTest" time="0.015"/>
  <testcase name="getErrors_getsAllErrors" classname="SolutionTest" time="0.021"/>
  <testcase name="find_findSolutionInDatabase_true" classname="SolutionTest" time="0.013"/>
  <testcase name="delete_deletesAllSolutionsAndErrorsAssociations" classname="SolutionTest" time="0.02"/>
  <system-out><![CDATA[]]></system-out>
  <system-err><![CDATA[]]></system-err>
</testsuite>
