<?xml version="1.0" encoding="UTF-8"?>
<testsuite name="SolutionTest" tests="1" skipped="0" failures="0" errors="0" timestamp="2016-05-16T20:02:10" hostname="epicodus-42.local" time="0.005">
  <properties/>
  <testcase name="solution_instantiates_true" classname="SolutionTest" time="0.005"/>
  <system-out><![CDATA[]]></system-out>
  <system-err><![CDATA[]]></system-err>
</testsuite>
