<?xml version="1.0" encoding="UTF-8"?>
<testsuite name="ErrorTest" tests="6" skipped="0" failures="0" errors="0" timestamp="2016-05-19T23:24:36" hostname="epicodus-117.local" time="0.087">
  <properties/>
  <testcase name="find_findErrorInDatabase_true" classname="ErrorTest" time="0.015"/>
  <testcase name="methods_getsAllInfo_true" classname="ErrorTest" time="0.006"/>
  <testcase name="delete_reviewDeletedFromAllTables_true" classname="ErrorTest" time="0.022"/>
  <testcase name="addSolution_solutionAddedToError_true" classname="ErrorTest" time="0.022"/>
  <testcase name="save_savesIntoDatabaseAndCreatesId_true" classname="ErrorTest" time="0.016"/>
  <testcase name="Error_instantiatesCorrectly_true" classname="ErrorTest" time="0.005"/>
  <system-out><![CDATA[]]></system-out>
  <system-err><![CDATA[]]></system-err>
</testsuite>
